<?xml version="1.0" encoding="UTF-8"?>
<!-- Generated by org.testng.reporters.JUnitReportReporter -->
<testsuite hostname="CG-DTE-Student" name="Project.orangeHrm.SampleTest" tests="1" failures="0" timestamp="15 Sep 2019 07:49:54 GMT" time="66.430" errors="0">
  <testcase name="tested" time="66.430" classname="Project.orangeHrm.SampleTest"/>
</testsuite> <!-- Project.orangeHrm.SampleTest -->
