<?xml version="1.0" encoding="UTF-8"?>
<!-- Generated by org.testng.reporters.JUnitReportReporter -->
<testsuite hostname="CG-DTE-Student" name="Project.orangeHrm.App" tests="1" failures="0" timestamp="14 Sep 2019 17:19:44 GMT" time="58.848" errors="0">
  <testcase name="tested" time="58.848" classname="Project.orangeHrm.App"/>
</testsuite> <!-- Project.orangeHrm.App -->
