<?xml version="1.0" encoding="UTF-8"?>
<!-- Generated by org.testng.reporters.JUnitReportReporter -->
<testsuite hostname="CG-DTE-Student" name="com.Homepage.Demo" tests="1" failures="0" timestamp="14 Sep 2019 17:22:33 GMT" time="22.459" errors="0">
  <testcase name="tested" time="22.459" classname="com.Homepage.Demo"/>
</testsuite> <!-- com.Homepage.Demo -->
